           0 1.00000000000000e-09 1.00000000000000e-09 9.99999995093969e-02  5.99999998532168e-01  1.10184927743011e-09  3.00970757961918e-15  8.56583133375501e-10  3.00000000000000e-01  8.00000011607447e+02 
           1 1.44194242892297e-07 1.43194242892297e-07 9.99999292563609e-02  5.99999788327526e-01  1.58883693887674e-07  4.17146623807187e-11  1.23490704025909e-07  3.00000000000000e-01  8.00001673957228e+02 
           2 3.24465114092036e-07 1.80270871199739e-07 9.99998408087716e-02  5.99999523640309e-01  3.57528824618365e-07  2.11181442234311e-10  2.77810907947736e-07  3.00000000000000e-01  8.00003767383732e+02 
           3 5.64860184431642e-07 2.40395070339606e-07 9.99997228546344e-02  5.99999170578454e-01  6.22442945001060e-07  6.39902651421183e-10  4.83484066110185e-07  3.00000000000000e-01  8.00006560143481e+02 
           4 8.98888051538037e-07 3.34027867106396e-07 9.99995589438746e-02  5.99998679818896e-01  9.90571399999934e-07  1.62003070643812e-09  7.69045795677650e-07  3.00000000000000e-01  8.00010442814835e+02 
           5 1.59589282570257e-06 6.97004774164535e-07 9.99992168642337e-02  5.99997655087271e-01  1.75885073813365e-06  5.10350708177264e-09  1.36409424004018e-06  3.00000000000000e-01  8.00018552680230e+02 
           6 3.01064051193267e-06 1.41474768623010e-06 9.99985223081433e-02  5.99995572310863e-01  3.31875968877289e-06  1.81414226233028e-08  2.56847987500958e-06  3.00000000000000e-01  8.00035047020131e+02 
           7 7.09639084101705e-06 4.08575032908438e-06 9.99965147965726e-02  5.99989536129780e-01  7.82744560422971e-06  1.00453649534791e-07  6.02117437508262e-06  3.00000000000000e-01  8.00082931887410e+02 
           8 1.75739809847834e-05 1.04775901437663e-05 9.99913553291354e-02  5.99973914029278e-01  1.94151338201772e-05  6.10801766382931e-07  1.47047059681044e-05  3.00000000000000e-01  8.00207408539195e+02 
           9 4.45656024859180e-05 2.69916215011346e-05 9.99779863377740e-02  5.99932740371683e-01  4.94406559461557e-05  3.84312292513149e-06  3.59895116357601e-05  3.00000000000000e-01  8.00538948507576e+02 
          10 1.02535094036550e-04 5.79694915506315e-05 9.99488716290190e-02  5.99839961701271e-01  1.14829607762651e-04  1.94413746492685e-05  7.68956872624029e-05  3.00000000000000e-01  8.01301275865691e+02 
          11 2.09025895603194e-04 1.06490801566645e-04 9.98937845976369e-02  5.99655052936629e-01  2.38550001847185e-04  7.47151746633005e-05  1.37897289184249e-04  3.00000000000000e-01  8.02864740529527e+02 
          12 3.46564054693761e-04 1.37538159090566e-04 9.98190520114946e-02  5.99390498727580e-01  4.06392500838384e-04  1.87391109064315e-04  1.96665650992244e-04  3.00000000000000e-01  8.05162231689435e+02 
          13 6.03191437802693e-04 2.56627383108932e-04 9.96661407303470e-02  5.98822585491823e-01  7.49817141634677e-04  4.91123061418914e-04  2.70333574745867e-04  3.00000000000000e-01  8.10202025612223e+02 
          14 1.06931637513944e-03 4.66124937336752e-04 9.93244586006050e-02  5.97511409725166e-01  1.51720370569240e-03  1.28580439824593e-03  3.61123570150882e-04  3.00000000000000e-01  8.21975345912233e+02 
          15 1.53312883468014e-03 4.63812459540691e-04 9.88458201971225e-02  5.95662367591922e-01  2.59218143499560e-03  2.43287450354526e-03  4.66756272320791e-04  3.00000000000000e-01  8.38545605906211e+02 
          16 2.03821909859671e-03 5.05090263916573e-04 9.79619135698305e-02  5.92268775365851e-01  4.57735423342275e-03  4.49326877180949e-03  6.98688058802207e-04  3.00000000000000e-01  8.68640483292190e+02 
          17 2.25597208762931e-03 2.17752989032601e-04 9.72767350382682e-02  5.89663281102739e-01  6.11620204904071e-03  6.02133071548072e-03  9.22451093915113e-04  3.00000000000000e-01  8.91455016903267e+02 
          18 2.45927253581073e-03 2.03300448181425e-04 9.61052131994908e-02  5.85262491381282e-01  8.74733209739205e-03  8.48521079422160e-03  1.39975252671929e-03  3.00000000000000e-01  9.29426407676255e+02 
          19 2.49004349495661e-03 3.07709591458792e-05 9.58210442136278e-02  5.84205432765887e-01  9.38554944245915e-03  9.05421226394259e-03  1.53376131313874e-03  3.00000000000000e-01  9.38443933191698e+02 
          20 2.52091612751111e-03 3.08726325544931e-05 9.54792578053868e-02  5.82939407169560e-01  1.01531702065658e-02  9.72384012441870e-03  1.70432469310570e-03  3.00000000000000e-01  9.49192609091024e+02 
          21 2.55357904711461e-03 3.26629196035000e-05 9.50281616757743e-02  5.81277357169769e-01  1.11662905279501e-02  1.05832166374754e-02  1.94497398814900e-03  3.00000000000000e-01  9.63219446335748e+02 
          22 2.58558021456388e-03 3.20011674492728e-05 9.44460712548910e-02  5.79147326447071e-01  1.24736119512972e-02  1.16518125673058e-02  2.28117777866935e-03  3.00000000000000e-01  9.81058519442364e+02 
          23 2.59428978194044e-03 8.70956737655853e-06 9.42519300316241e-02  5.78440513194706e-01  1.29096352410675e-02  1.19983030090591e-02  2.39961852273642e-03  3.00000000000000e-01  9.86944545200932e+02 
          24 2.59825666608704e-03 3.96688414660025e-06 9.41568337856567e-02  5.78094941985361e-01  1.31232126427238e-02  1.21662439460109e-02  2.45876763944486e-03  3.00000000000000e-01  9.89816288708105e+02 
          25 2.60305045922004e-03 4.79379313299780e-06 9.40356069297754e-02  5.77655026635964e-01  1.33954769852809e-02  1.23786479622994e-02  2.53524148587677e-03  3.00000000000000e-01  9.93466354923610e+02 
          26 2.60896517558494e-03 5.91471636490446e-06 9.38754006652479e-02  5.77074704747260e-01  1.37552854861914e-02  1.26564760209913e-02  2.63813307949746e-03  3.00000000000000e-01  9.98271699621087e+02 
          27 2.61110933816798e-03 2.14416258304156e-06 9.38141149598129e-02  5.76853019071379e-01  1.38929275307511e-02  1.27618985306089e-02  2.67803990663403e-03  3.00000000000000e-01  1.00010446264406e+03 
          28 2.61549453764780e-03 4.38519947981324e-06 9.36828833430319e-02  5.76378898142406e-01  1.41876616439527e-02  1.29860547561336e-02  2.76450211365406e-03  3.00000000000000e-01  1.00401929332449e+03 
          29 2.62067252917086e-03 5.17799152306815e-06 9.35166381032802e-02  5.75779398356104e-01  1.45610331265505e-02  1.32669359382125e-02  2.87599447504002e-03  3.00000000000000e-01  1.00896018806371e+03 
          30 2.62909954555596e-03 8.42701638509706e-06 9.32151589454809e-02  5.74695382980357e-01  1.52381275221470e-02  1.37676277888431e-02  3.08370276244049e-03  3.00000000000000e-01  1.01786851076180e+03 
          31 2.64558401946537e-03 1.64844739094053e-05 9.24723248310260e-02  5.72041277792788e-01  1.69064644624146e-02  1.49549081515388e-02  3.62502476152983e-03  3.00000000000000e-01  1.03954237227629e+03 
          32 2.66694979541254e-03 2.13657759471697e-05 9.09413717178833e-02  5.66642102048380e-01  2.03448440178528e-02  1.72070012446616e-02  4.86468097043245e-03  3.00000000000000e-01  1.08305993486752e+03 
          33 2.67358866846718e-03 6.63887305464327e-06 9.01945174638834e-02  5.64039948378430e-01  2.20222098210836e-02  1.82182926358489e-02  5.52503170007383e-03  3.00000000000000e-01  1.10377538739308e+03 
          34 2.68708575856517e-03 1.34970900979946e-05 8.75714596830675e-02  5.55042734033874e-01  2.79133557811062e-02  2.13797165989551e-02  8.09273390248973e-03  3.00000000000000e-01  1.17423702644688e+03 
          35 2.69145569526185e-03 4.36993669667533e-06 8.59129689993635e-02  5.49450994020842e-01  3.16381729627960e-02  2.31118850251569e-02  9.88597899137362e-03  3.00000000000000e-01  1.21721468615005e+03 
          36 2.69815100501875e-03 6.69530975690400e-06 7.97523338490040e-02  5.29152033445959e-01  4.54743915684957e-02  2.82474920295248e-02  1.73737491059230e-02  3.00000000000000e-01  1.36905293139730e+03 
          37 2.69972401188256e-03 1.57300686381130e-06 7.54973579179690e-02  5.15431357436010e-01  5.50306752491421e-02  3.09713853650853e-02  2.30692240306752e-02  3.00000000000000e-01  1.46880650234580e+03 
          38 2.70022853717248e-03 5.04525289917593e-07 7.31582566828217e-02  5.07958946959931e-01  6.02840809847579e-02  3.22754253216671e-02  2.63232900497201e-02  3.00000000000000e-01  1.52238293548853e+03 
          39 2.70074854545748e-03 5.20008284998667e-07 6.95666030695292e-02  4.96557926249440e-01  6.83506038906740e-02  3.40776452127369e-02  3.14472215765374e-02  3.00000000000000e-01  1.60328616775600e+03 
          40 2.70153161595038e-03 7.83070492904892e-07 5.77680749377110e-02  4.59501449860291e-01  9.48490103845975e-02  3.89094377844929e-02  4.89720270318076e-02  3.00000000000000e-01  1.86103747087265e+03 
          41 2.70169492612770e-03 1.63310177313071e-07 5.26301653520916e-02  4.43473452125844e-01  1.06388281657045e-01  4.07137115292383e-02  5.67943893346775e-02  3.00000000000000e-01  1.97077286563150e+03 
          42 2.70197255537730e-03 2.77629249606107e-07 3.80911913027100e-02  3.98230121832522e-01  1.39041477043922e-01  4.55117709542408e-02  7.91254388654839e-02  3.00000000000000e-01  2.27720178112797e+03 
          43 2.70216693878097e-03 1.94383403661513e-07 2.22140448587459e-02  3.48642812018142e-01  1.74700084264659e-01  5.12459337987007e-02  1.03197125058584e-01  3.00000000000000e-01  2.61049781215310e+03 
          44 2.70235073067149e-03 1.83791890525857e-07 8.47972583709486e-03  3.04877941184265e-01  2.05546098639321e-01  5.85993563916627e-02  1.22496877946505e-01  3.00000000000000e-01  2.90600087469599e+03 
          45 2.70254007527599e-03 1.89344604498780e-07 1.92859513283197e-03  2.82500467031559e-01  2.20259334261347e-01  6.62386460255158e-02  1.29072957547584e-01  3.00000000000000e-01  3.06144804700181e+03 
          46 2.70270804313341e-03 1.67967857424364e-07 3.53192590581884e-04  2.75656161532155e-01  2.23797543137046e-01  7.21000683198808e-02  1.28093034419181e-01  3.00000000000000e-01  3.11317653435372e+03 
          47 2.70286945842528e-03 1.61415291868722e-07 4.60775110920049e-05  2.72982785821384e-01  2.24487295293072e-01  7.69262557687239e-02  1.25557585604583e-01  3.00000000000000e-01  3.13640726368371e+03 
          48 2.70301189613552e-03 1.42437710232653e-07 4.74917682133815e-06  2.71518817148663e-01  2.24580114921838e-01  8.06130915980001e-02  1.23283227153529e-01  3.00000000000000e-01  3.15036747136940e+03 
          49 2.70315874796144e-03 1.46851825927266e-07 2.13154598563779e-07  2.70306529235029e-01  2.24590302409581e-01  8.39104201847137e-02  1.21192535014926e-01  3.00000000000000e-01  3.16220990426386e+03 
          50 2.70331963384847e-03 1.60885887024626e-07 1.20939236247043e-09  2.69185101468762e-01  2.24590778418977e-01  8.69934048179295e-02  1.19230714083774e-01  3.00000000000000e-01  3.17319499761846e+03 
          51 2.70341764224508e-03 9.80083966117194e-08 5.54089476822702e-12  2.68591417701362e-01  2.24590781122715e-01  8.86264501416607e-02  1.18191351027559e-01  3.00000000000000e-01  3.17900809451237e+03 
          52 2.70351884155418e-03 1.01199309099588e-07 2.39206799755558e-15  2.68042478929651e-01  2.24590781135161e-01  9.01364245673728e-02  1.17230315366678e-01  3.00000000000000e-01  3.18438092902060e+03 
          53 2.70362354365415e-03 1.04702099968863e-07 3.92721804599434e-15  2.67537144938219e-01  2.24590781135159e-01  9.15264546870220e-02  1.16345619238462e-01  3.00000000000000e-01  3.18932515368244e+03 
          54 2.70375074372126e-03 1.27200067115729e-07 -1.49257143952238e-14  2.67000376627342e-01  2.24590781135203e-01  9.30029516810306e-02  1.15405890555315e-01  3.00000000000000e-01  3.19457502793362e+03 
          55 2.70392280567771e-03 1.72061956447123e-07 -1.49349778791766e-14  2.66392092424045e-01  2.24590781135203e-01  9.46761685598079e-02  1.14340957879835e-01  3.00000000000000e-01  3.20052199829775e+03 
          56 2.70426788403215e-03 3.45078354440496e-07 -1.49468250759748e-14  2.65498150033174e-01  2.24590781135203e-01  9.71351498862278e-02  1.12775918944290e-01  3.00000000000000e-01  3.20925719653253e+03 
          57 2.70477699513972e-03 5.09111107572195e-07 -1.49452122621819e-14  2.64722717340873e-01  2.24590781135203e-01  9.92681447298846e-02  1.11418356792937e-01  3.00000000000000e-01  3.21683000608998e+03 
          58 2.70541792805047e-03 6.40932910749310e-07 -1.49460322264742e-14  2.64256429100896e-01  2.24590781135203e-01  1.00550771089858e-01  1.10602018672942e-01  3.00000000000000e-01  3.22138179165606e+03 
          59 2.70617815082084e-03 7.60222770371168e-07 -1.49427407737946e-14  2.64035745496487e-01  2.24590781135203e-01  1.01157808934601e-01  1.10215664432601e-01  3.00000000000000e-01  3.22353553993033e+03 
          60 2.70706333361031e-03 8.85182789467195e-07 -1.49427720943730e-14  2.63949236698794e-01  2.24590781135203e-01  1.01395770038449e-01  1.10064212126451e-01  3.00000000000000e-01  3.22437972834233e+03 
          61 2.70817606018851e-03 1.11272657820128e-06 -1.49428029064220e-14  2.63919962159928e-01  2.24590781135203e-01  1.01476295970699e-01  1.10012960733064e-01  3.00000000000000e-01  3.22466538998740e+03 
          62 2.70923954413260e-03 1.06348394408595e-06 -1.49427619543670e-14  2.63913565119449e-01  2.24590781135203e-01  1.01493892410063e-01  1.10001761334177e-01  3.00000000000000e-01  3.22472781169691e+03 
          63 2.71122858892431e-03 1.98904479170757e-06 -1.49427709237923e-14  2.63911702649304e-01  2.24590781135203e-01  1.01499015535866e-01  1.09998500678528e-01  3.00000000000000e-01  3.22474598545122e+03 
          64 2.71354821705985e-03 2.31962813553994e-06 -1.49427705509320e-14  2.63911572156333e-01  2.24590781135203e-01  1.01499374484955e-01  1.09998272222422e-01  3.00000000000000e-01  3.22474725878473e+03 
          65 2.71594594523143e-03 2.39772817158073e-06 -1.49427705513182e-14  2.63911566428598e-01  2.24590781135203e-01  1.01499390240341e-01  1.09998262194776e-01  3.00000000000000e-01  3.22474731467531e+03 
          66 2.71848004026714e-03 2.53409503571709e-06 -1.49427705514631e-14  2.63911566201815e-01  2.24590781135203e-01  1.01499390864140e-01  1.09998261797753e-01  3.00000000000000e-01  3.22474731688816e+03 
          67 2.72122161933660e-03 2.74157906945726e-06 -1.49427705514675e-14  2.63911566194336e-01  2.24590781135203e-01  1.01499390884718e-01  1.09998261784655e-01  3.00000000000000e-01  3.22474731696115e+03 
          68 2.72847673917586e-03 7.25511983925512e-06 -1.49427705514676e-14  2.63911566194149e-01  2.24590781135203e-01  1.01499390885240e-01  1.09998261784322e-01  3.00000000000000e-01  3.22474731696301e+03 
          69 2.73997532921958e-03 1.14985900437250e-05 -1.49427705514676e-14  2.63911566194149e-01  2.24590781135203e-01  1.01499390885240e-01  1.09998261784323e-01  3.00000000000000e-01  3.22474731696300e+03 
          70 2.76474829049624e-03 2.47729612766564e-05 -1.49427705514676e-14  2.63911566194149e-01  2.24590781135203e-01  1.01499390885240e-01  1.09998261784323e-01  3.00000000000000e-01  3.22474731696300e+03 
          71 3.76474829049624e-03 1.00000000000000e-03 -1.49427705514676e-14  2.63911566194149e-01  2.24590781135203e-01  1.01499390885240e-01  1.09998261784323e-01  3.00000000000000e-01  3.22474731696300e+03 
          72 4.76474829049624e-03 1.00000000000000e-03 -1.49427705514676e-14  2.63911566194149e-01  2.24590781135203e-01  1.01499390885240e-01  1.09998261784323e-01  3.00000000000000e-01  3.22474731696300e+03 
          73 5.76474829049624e-03 1.00000000000000e-03 -1.49427705514676e-14  2.63911566194149e-01  2.24590781135203e-01  1.01499390885240e-01  1.09998261784323e-01  3.00000000000000e-01  3.22474731696300e+03 
          74 6.76474829049624e-03 1.00000000000000e-03 -1.49427705514676e-14  2.63911566194149e-01  2.24590781135203e-01  1.01499390885240e-01  1.09998261784323e-01  3.00000000000000e-01  3.22474731696300e+03 
          75 7.76474829049624e-03 1.00000000000000e-03 -1.49427705514676e-14  2.63911566194149e-01  2.24590781135203e-01  1.01499390885240e-01  1.09998261784323e-01  3.00000000000000e-01  3.22474731696300e+03 
          76 8.76474829049624e-03 1.00000000000000e-03 -1.49427705514676e-14  2.63911566194149e-01  2.24590781135203e-01  1.01499390885240e-01  1.09998261784323e-01  3.00000000000000e-01  3.22474731696300e+03 
          77 9.76474829049624e-03 1.00000000000000e-03 -1.49427705514676e-14  2.63911566194149e-01  2.24590781135203e-01  1.01499390885240e-01  1.09998261784323e-01  3.00000000000000e-01  3.22474731696300e+03 
          78 1.07647482904962e-02 1.00000000000000e-03 -1.49427705514676e-14  2.63911566194149e-01  2.24590781135203e-01  1.01499390885240e-01  1.09998261784323e-01  3.00000000000000e-01  3.22474731696300e+03 
